<?xml version="1.0" encoding="UTF-8"?>
<!-- Generated by org.testng.reporters.JUnitXMLReporter -->
<testsuite hostname="dsr-PC" ignored="1" name="Command line test" tests="1" failures="0" timestamp="2019-08-23T23:37:46 IST" time="1.386" errors="0">
  <testcase name="testWiremock" time="1.181" classname="com.robinrrr10.wiremock.AppTest"/>
  <testcase name="httpClientTest" time="0.0" classname="com.robinrrr10.wiremock.AppTest">
    <ignored/>
  </testcase> <!-- httpClientTest -->
</testsuite> <!-- Command line test -->
