<?xml version="1.0" encoding="UTF-8"?>
<testng-results skipped="0" failed="0" ignored="1" total="2" passed="1">
  <reporter-output>
  </reporter-output>
  <suite name="com.robinrrr10.wiremock.AppTest" duration-ms="1386" started-at="2019-08-23T23:37:44 IST" finished-at="2019-08-23T23:37:46 IST">
    <groups>
    </groups>
    <test name="Command line test" duration-ms="1386" started-at="2019-08-23T23:37:44 IST" finished-at="2019-08-23T23:37:46 IST">
      <class name="com.robinrrr10.wiremock.AppTest">
        <test-method status="PASS" signature="testWiremock()[pri:0, instance:com.robinrrr10.wiremock.AppTest@7530ad9c]" name="testWiremock" duration-ms="1181" started-at="2019-08-23T23:37:44 IST" finished-at="2019-08-23T23:37:45 IST">
          <reporter-output>
          </reporter-output>
        </test-method> <!-- testWiremock -->
      </class> <!-- com.robinrrr10.wiremock.AppTest -->
    </test> <!-- Command line test -->
  </suite> <!-- com.robinrrr10.wiremock.AppTest -->
</testng-results>
